<?xml version="1.0" encoding="UTF-8"?>
<testng-results ignored="0" total="1" passed="1" failed="0" skipped="0">
  <reporter-output>
  </reporter-output>
  <suite started-at="2020-04-09T22:04:19 IST" name="Default suite" finished-at="2020-04-09T22:04:19 IST" duration-ms="52">
    <groups>
    </groups>
    <test started-at="2020-04-09T22:04:19 IST" name="Default test" finished-at="2020-04-09T22:04:19 IST" duration-ms="52">
      <class name="docker.com.docker.StartDocker">
        <test-method signature="startDocker()[pri:0, instance:docker.com.docker.StartDocker@20d3d15a]" started-at="2020-04-09T22:04:19 IST" name="startDocker" finished-at="2020-04-09T22:04:19 IST" duration-ms="25" status="PASS">
          <reporter-output>
          </reporter-output>
        </test-method> <!-- startDocker -->
      </class> <!-- docker.com.docker.StartDocker -->
    </test> <!-- Default test -->
  </suite> <!-- Default suite -->
</testng-results>
