<?xml version="1.0" encoding="UTF-8"?>
<testng-results ignored="0" total="1" passed="1" failed="0" skipped="0">
  <reporter-output>
  </reporter-output>
  <suite started-at="2020-04-27T00:14:59 IST" name="Default suite" finished-at="2020-04-27T00:34:00 IST" duration-ms="1140478">
    <groups>
    </groups>
    <test started-at="2020-04-27T00:14:59 IST" name="Default test" finished-at="2020-04-27T00:34:00 IST" duration-ms="1140478">
      <class name="docker.com.docker.StartLinuxDocker">
        <test-method signature="startDockerForLinux()[pri:0, instance:docker.com.docker.StartLinuxDocker@20d3d15a]" started-at="2020-04-27T00:14:59 IST" name="startDockerForLinux" finished-at="2020-04-27T00:34:00 IST" duration-ms="1140446" status="PASS">
          <reporter-output>
          </reporter-output>
        </test-method> <!-- startDockerForLinux -->
      </class> <!-- docker.com.docker.StartLinuxDocker -->
    </test> <!-- Default test -->
  </suite> <!-- Default suite -->
</testng-results>
